<?xml version="1.0" encoding="UTF-8"?>
<testng-results ignored="0" total="1" passed="1" failed="0" skipped="0">
  <reporter-output>
  </reporter-output>
  <suite started-at="2024-12-06T14:03:05 IST" name="Default suite" finished-at="2024-12-06T14:03:12 IST" duration-ms="7586">
    <groups>
    </groups>
    <test started-at="2024-12-06T14:03:05 IST" name="Default test" finished-at="2024-12-06T14:03:12 IST" duration-ms="7586">
      <class name="synechronTestng.Shadowwebelement">
        <test-method signature="getshadow()[pri:0, instance:synechronTestng.Shadowwebelement@689604d9]" started-at="2024-12-06T14:03:05 IST" name="getshadow" finished-at="2024-12-06T14:03:12 IST" duration-ms="7549" status="PASS">
          <reporter-output>
          </reporter-output>
        </test-method> <!-- getshadow -->
      </class> <!-- synechronTestng.Shadowwebelement -->
    </test> <!-- Default test -->
  </suite> <!-- Default suite -->
</testng-results>
